<?xml version="1.0" encoding="UTF-8"?>
<!-- Generated by org.testng.reporters.JUnitReportReporter -->
<testsuite hostname="DESKTOP-TIC5DM4" failures="0" tests="2" name="com.citi.test.LoginTest" time="20.646" errors="0" timestamp="2023-11-23T13:48:23 IST" skipped="0">
  <testcase classname="com.citi.test.LoginTest" name="invalidLoginTest" time="10.150"/>
  <testcase classname="com.citi.test.LoginTest" name="invalidLoginTest" time="10.496"/>
</testsuite> <!-- com.citi.test.LoginTest -->
