<?xml version="1.0" encoding="UTF-8"?>
<!-- Generated by org.testng.reporters.JUnitReportReporter -->
<testsuite hostname="DESKTOP-TIC5DM4" failures="0" tests="1" name="com.citi.test.LoginUITest" time="30.918" errors="0" timestamp="2023-11-24T13:29:58 IST" skipped="0">
  <testcase classname="com.citi.test.LoginUITest" name="titleTest" time="30.918"/>
</testsuite> <!-- com.citi.test.LoginUITest -->
