<?xml version="1.0" encoding="UTF-8"?>
<!-- Generated by org.testng.reporters.JUnitReportReporter -->
<testsuite hostname="DESKTOP-TIC5DM4" failures="0" tests="1" name="com.citi.test.LoginTest" time="10.918" errors="0" timestamp="2023-11-24T13:18:44 IST" skipped="0">
  <testcase classname="com.citi.test.LoginTest" name="validLoginTest" time="10.918"/>
</testsuite> <!-- com.citi.test.LoginTest -->
