<?xml version="1.0" encoding="UTF-8"?>
<!-- Generated by org.testng.reporters.JUnitReportReporter -->
<testsuite hostname="DESKTOP-TIC5DM4" failures="0" tests="3" name="com.citi.test.ZDemo1Test" time="0.035" errors="0" timestamp="2023-11-23T13:28:20 IST" skipped="0">
  <testcase classname="com.citi.test.ZDemo1Test" name="validDemoTest" time="0.016"/>
  <testcase classname="com.citi.test.ZDemo1Test" name="validDemoTest" time="0.010"/>
  <testcase classname="com.citi.test.ZDemo1Test" name="validDemoTest" time="0.009"/>
</testsuite> <!-- com.citi.test.ZDemo1Test -->
