<?xml version="1.0" encoding="UTF-8"?>
<!-- Generated by org.testng.reporters.JUnitReportReporter -->
<testsuite hostname="DESKTOP-TIC5DM4" failures="0" tests="2" name="com.citi.test.LoginUITest" time="15.911" errors="0" timestamp="2023-11-22T13:04:31 IST" skipped="0">
  <testcase classname="com.citi.test.LoginUITest" name="titleTest" time="7.361"/>
  <testcase classname="com.citi.test.LoginUITest" name="headerTest" time="8.550"/>
</testsuite> <!-- com.citi.test.LoginUITest -->
